DeviceReader starting...
TCP sockets configured for localizer communication
Loaded 500 stream files
Starting DeviceReader main loop
Stream files loaded: 500
Sending init_map request...
Sent init_map request via TCP
Raw response: {"success": false, "session_id": null}
session_id field not found. Response: {"success": false, "session_id": null}
Waiting for init_map response...
Waiting for init_map response...
Waiting for init_map response...
Waiting for init_map response...
Waiting for init_map response...
Waiting for init_map response...
Waiting for init_map response...
Waiting for init_map response...
Waiting for init_map response...
Main loop iteration 1000, session_id=empty, init_requested=1
Waiting for init_map response...
Waiting for init_map response...
Waiting for init_map response...
Waiting for init_map response...
Waiting for init_map response...
Waiting for init_map response...
Waiting for init_map response...
Waiting for init_map response...
Waiting for init_map response...
Waiting for init_map response...
Waiting for init_map response...
Main loop iteration 2000, session_id=empty, init_requested=1
Waiting for init_map response...
Waiting for init_map response...
Waiting for init_map response...
Waiting for init_map response...
Waiting for init_map response...
Waiting for init_map response...
Waiting for init_map response...
Waiting for init_map response...
Waiting for init_map response...
Waiting for init_map response...
Waiting for init_map response...
Main loop iteration 3000, session_id=empty, init_requested=1
Waiting for init_map response...
Waiting for init_map response...
Waiting for init_map response...
Waiting for init_map response...
Waiting for init_map response...
Waiting for init_map response...
Waiting for init_map response...
Waiting for init_map response...
Waiting for init_map response...
Waiting for init_map response...
Waiting for init_map response...
Main loop iteration 4000, session_id=empty, init_requested=1
Waiting for init_map response...
Waiting for init_map response...
Waiting for init_map response...
Waiting for init_map response...
Waiting for init_map response...
Waiting for init_map response...
Waiting for init_map response...
Waiting for init_map response...
Waiting for init_map response...
Waiting for init_map response...
Waiting for init_map response...
Main loop iteration 5000, session_id=empty, init_requested=1
Waiting for init_map response...
Waiting for init_map response...
Waiting for init_map response...
Waiting for init_map response...
Waiting for init_map response...
Waiting for init_map response...
Timeout reached after 61 seconds, exiting
DeviceReader finished
